<?xml version="1.0" encoding="UTF-8"?>
<testsuite name="com.mindex.challenge.service.impl.ReportingStructureServiceImplTest" tests="1" skipped="0" failures="0" errors="0" timestamp="2022-09-09T09:30:07" hostname="ottos-air-2.wireless.rit.edu" time="0.706">
  <properties/>
  <testcase name="testRead" classname="com.mindex.challenge.service.impl.ReportingStructureServiceImplTest" time="0.706"/>
  <system-out><![CDATA[05:30:01.455 [Test worker] DEBUG org.springframework.test.context.junit4.SpringJUnit4ClassRunner - SpringJUnit4ClassRunner constructor called with [class com.mindex.challenge.service.impl.ReportingStructureServiceImplTest]
05:30:01.470 [Test worker] DEBUG org.springframework.test.context.BootstrapUtils - Instantiating CacheAwareContextLoaderDelegate from class [org.springframework.test.context.cache.DefaultCacheAwareContextLoaderDelegate]
05:30:01.479 [Test worker] DEBUG org.springframework.test.context.BootstrapUtils - Instantiating BootstrapContext using constructor [public org.springframework.test.context.support.DefaultBootstrapContext(java.lang.Class,org.springframework.test.context.CacheAwareContextLoaderDelegate)]
05:30:01.519 [Test worker] DEBUG org.springframework.test.context.BootstrapUtils - Instantiating TestContextBootstrapper for test class [com.mindex.challenge.service.impl.ReportingStructureServiceImplTest] from class [org.springframework.boot.test.context.SpringBootTestContextBootstrapper]
05:30:01.537 [Test worker] INFO org.springframework.boot.test.context.SpringBootTestContextBootstrapper - Neither @ContextConfiguration nor @ContextHierarchy found for test class [com.mindex.challenge.service.impl.ReportingStructureServiceImplTest], using SpringBootContextLoader
05:30:01.541 [Test worker] DEBUG org.springframework.test.context.support.AbstractContextLoader - Did not detect default resource location for test class [com.mindex.challenge.service.impl.ReportingStructureServiceImplTest]: class path resource [com/mindex/challenge/service/impl/ReportingStructureServiceImplTest-context.xml] does not exist
05:30:01.542 [Test worker] DEBUG org.springframework.test.context.support.AbstractContextLoader - Did not detect default resource location for test class [com.mindex.challenge.service.impl.ReportingStructureServiceImplTest]: class path resource [com/mindex/challenge/service/impl/ReportingStructureServiceImplTestContext.groovy] does not exist
05:30:01.542 [Test worker] INFO org.springframework.test.context.support.AbstractContextLoader - Could not detect default resource locations for test class [com.mindex.challenge.service.impl.ReportingStructureServiceImplTest]: no resource found for suffixes {-context.xml, Context.groovy}.
05:30:01.543 [Test worker] INFO org.springframework.test.context.support.AnnotationConfigContextLoaderUtils - Could not detect default configuration classes for test class [com.mindex.challenge.service.impl.ReportingStructureServiceImplTest]: ReportingStructureServiceImplTest does not declare any static, non-private, non-final, nested classes annotated with @Configuration.
05:30:01.599 [Test worker] DEBUG org.springframework.test.context.support.ActiveProfilesUtils - Could not find an 'annotation declaring class' for annotation type [org.springframework.test.context.ActiveProfiles] and class [com.mindex.challenge.service.impl.ReportingStructureServiceImplTest]
05:30:01.725 [Test worker] DEBUG org.springframework.context.annotation.ClassPathScanningCandidateComponentProvider - Identified candidate component class: file [/Users/iq063/Desktop/mindex-java-code-challenge/build/classes/java/main/com/mindex/challenge/ChallengeApplication.class]
05:30:01.731 [Test worker] INFO org.springframework.boot.test.context.SpringBootTestContextBootstrapper - Found @SpringBootConfiguration com.mindex.challenge.ChallengeApplication for test class com.mindex.challenge.service.impl.ReportingStructureServiceImplTest
05:30:01.877 [Test worker] DEBUG org.springframework.boot.test.context.SpringBootTestContextBootstrapper - @TestExecutionListeners is not present for class [com.mindex.challenge.service.impl.ReportingStructureServiceImplTest]: using defaults.
05:30:01.878 [Test worker] INFO org.springframework.boot.test.context.SpringBootTestContextBootstrapper - Loaded default TestExecutionListener class names from location [META-INF/spring.factories]: [org.springframework.boot.test.autoconfigure.restdocs.RestDocsTestExecutionListener, org.springframework.boot.test.autoconfigure.web.client.MockRestServiceServerResetTestExecutionListener, org.springframework.boot.test.autoconfigure.web.servlet.MockMvcPrintOnlyOnFailureTestExecutionListener, org.springframework.boot.test.autoconfigure.web.servlet.WebDriverTestExecutionListener, org.springframework.boot.test.mock.mockito.MockitoTestExecutionListener, org.springframework.boot.test.mock.mockito.ResetMocksTestExecutionListener, org.springframework.test.context.web.ServletTestExecutionListener, org.springframework.test.context.support.DirtiesContextBeforeModesTestExecutionListener, org.springframework.test.context.support.DependencyInjectionTestExecutionListener, org.springframework.test.context.support.DirtiesContextTestExecutionListener, org.springframework.test.context.transaction.TransactionalTestExecutionListener, org.springframework.test.context.jdbc.SqlScriptsTestExecutionListener, org.springframework.test.context.event.EventPublishingTestExecutionListener]
05:30:01.893 [Test worker] INFO org.springframework.boot.test.context.SpringBootTestContextBootstrapper - Using TestExecutionListeners: [org.springframework.test.context.web.ServletTestExecutionListener@2ba21b9a, org.springframework.test.context.support.DirtiesContextBeforeModesTestExecutionListener@52a631cb, org.springframework.boot.test.mock.mockito.MockitoTestExecutionListener@7df6e15a, org.springframework.boot.test.autoconfigure.SpringBootDependencyInjectionTestExecutionListener@78e7c432, org.springframework.test.context.support.DirtiesContextTestExecutionListener@43a26e7f, org.springframework.test.context.transaction.TransactionalTestExecutionListener@206937a9, org.springframework.test.context.jdbc.SqlScriptsTestExecutionListener@6a5ffecf, org.springframework.test.context.event.EventPublishingTestExecutionListener@2c5f71e2, org.springframework.boot.test.autoconfigure.restdocs.RestDocsTestExecutionListener@7c5e3380, org.springframework.boot.test.autoconfigure.web.client.MockRestServiceServerResetTestExecutionListener@15e387dd, org.springframework.boot.test.autoconfigure.web.servlet.MockMvcPrintOnlyOnFailureTestExecutionListener@5fba28, org.springframework.boot.test.autoconfigure.web.servlet.WebDriverTestExecutionListener@57581ba0, org.springframework.boot.test.mock.mockito.ResetMocksTestExecutionListener@5a97e0f8]
05:30:01.900 [Test worker] DEBUG org.springframework.test.annotation.ProfileValueUtils - Retrieved @ProfileValueSourceConfiguration [null] for test class [com.mindex.challenge.service.impl.ReportingStructureServiceImplTest]
05:30:01.902 [Test worker] DEBUG org.springframework.test.annotation.ProfileValueUtils - Retrieved ProfileValueSource type [class org.springframework.test.annotation.SystemProfileValueSource] for class [com.mindex.challenge.service.impl.ReportingStructureServiceImplTest]
05:30:01.906 [Test worker] DEBUG org.springframework.test.annotation.ProfileValueUtils - Retrieved @ProfileValueSourceConfiguration [null] for test class [com.mindex.challenge.service.impl.ReportingStructureServiceImplTest]
05:30:01.906 [Test worker] DEBUG org.springframework.test.annotation.ProfileValueUtils - Retrieved ProfileValueSource type [class org.springframework.test.annotation.SystemProfileValueSource] for class [com.mindex.challenge.service.impl.ReportingStructureServiceImplTest]
05:30:01.906 [Test worker] DEBUG org.springframework.test.annotation.ProfileValueUtils - Retrieved @ProfileValueSourceConfiguration [null] for test class [com.mindex.challenge.service.impl.ReportingStructureServiceImplTest]
05:30:01.906 [Test worker] DEBUG org.springframework.test.annotation.ProfileValueUtils - Retrieved ProfileValueSource type [class org.springframework.test.annotation.SystemProfileValueSource] for class [com.mindex.challenge.service.impl.ReportingStructureServiceImplTest]
05:30:01.909 [Test worker] DEBUG org.springframework.test.context.support.AbstractDirtiesContextTestExecutionListener - Before test class: context [DefaultTestContext@5af548e2 testClass = ReportingStructureServiceImplTest, testInstance = [null], testMethod = [null], testException = [null], mergedContextConfiguration = [WebMergedContextConfiguration@2be716be testClass = ReportingStructureServiceImplTest, locations = '{}', classes = '{class com.mindex.challenge.ChallengeApplication}', contextInitializerClasses = '[]', activeProfiles = '{}', propertySourceLocations = '{}', propertySourceProperties = '{org.springframework.boot.test.context.SpringBootTestContextBootstrapper=true, server.port=0}', contextCustomizers = set[org.springframework.boot.test.autoconfigure.properties.PropertyMappingContextCustomizer@0, org.springframework.boot.test.autoconfigure.web.servlet.WebDriverContextCustomizerFactory$Customizer@4a3a040b, org.springframework.boot.test.context.filter.ExcludeFilterContextCustomizer@300a6dff, org.springframework.boot.test.json.DuplicateJsonObjectContextCustomizerFactory$DuplicateJsonObjectContextCustomizer@135c3b38, org.springframework.boot.test.mock.mockito.MockitoContextCustomizer@0, org.springframework.boot.test.web.client.TestRestTemplateContextCustomizer@1d9b60dd], resourceBasePath = 'src/main/webapp', contextLoader = 'org.springframework.boot.test.context.SpringBootContextLoader', parent = [null]], attributes = map['org.springframework.test.context.web.ServletTestExecutionListener.activateListener' -> false]], class annotated with @DirtiesContext [false] with mode [null].
05:30:01.911 [Test worker] DEBUG org.springframework.test.annotation.ProfileValueUtils - Retrieved @ProfileValueSourceConfiguration [null] for test class [com.mindex.challenge.service.impl.ReportingStructureServiceImplTest]
05:30:01.912 [Test worker] DEBUG org.springframework.test.annotation.ProfileValueUtils - Retrieved ProfileValueSource type [class org.springframework.test.annotation.SystemProfileValueSource] for class [com.mindex.challenge.service.impl.ReportingStructureServiceImplTest]
05:30:01.917 [Test worker] DEBUG org.springframework.test.context.support.DependencyInjectionTestExecutionListener - Performing dependency injection for test context [[DefaultTestContext@5af548e2 testClass = ReportingStructureServiceImplTest, testInstance = com.mindex.challenge.service.impl.ReportingStructureServiceImplTest@f320c78, testMethod = [null], testException = [null], mergedContextConfiguration = [WebMergedContextConfiguration@2be716be testClass = ReportingStructureServiceImplTest, locations = '{}', classes = '{class com.mindex.challenge.ChallengeApplication}', contextInitializerClasses = '[]', activeProfiles = '{}', propertySourceLocations = '{}', propertySourceProperties = '{org.springframework.boot.test.context.SpringBootTestContextBootstrapper=true, server.port=0}', contextCustomizers = set[org.springframework.boot.test.autoconfigure.properties.PropertyMappingContextCustomizer@0, org.springframework.boot.test.autoconfigure.web.servlet.WebDriverContextCustomizerFactory$Customizer@4a3a040b, org.springframework.boot.test.context.filter.ExcludeFilterContextCustomizer@300a6dff, org.springframework.boot.test.json.DuplicateJsonObjectContextCustomizerFactory$DuplicateJsonObjectContextCustomizer@135c3b38, org.springframework.boot.test.mock.mockito.MockitoContextCustomizer@0, org.springframework.boot.test.web.client.TestRestTemplateContextCustomizer@1d9b60dd], resourceBasePath = 'src/main/webapp', contextLoader = 'org.springframework.boot.test.context.SpringBootContextLoader', parent = [null]], attributes = map['org.springframework.test.context.web.ServletTestExecutionListener.activateListener' -> false]]].
05:30:01.943 [Test worker] DEBUG org.springframework.test.context.support.TestPropertySourceUtils - Adding inlined properties to environment: {spring.jmx.enabled=false, org.springframework.boot.test.context.SpringBootTestContextBootstrapper=true, server.port=0}

  .   ____          _            __ _ _
 /\\ / ___'_ __ _ _(_)_ __  __ _ \ \ \ \
( ( )\___ | '_ | '_| | '_ \/ _` | \ \ \ \
 \\/  ___)| |_)| | | | | || (_| |  ) ) ) )
  '  |____| .__|_| |_|_| |_\__, | / / / /
 =========|_|==============|___/=/_/_/_/
 :: Spring Boot ::        (v2.2.0.RELEASE)

2022-09-09 05:30:02.833  INFO 19198 --- [    Test worker] .c.s.i.ReportingStructureServiceImplTest : Starting ReportingStructureServiceImplTest on ottos-air-2.wireless.rit.edu with PID 19198 (started by iq063 in /Users/iq063/Desktop/mindex-java-code-challenge)
2022-09-09 05:30:02.834 DEBUG 19198 --- [    Test worker] .c.s.i.ReportingStructureServiceImplTest : Running with Spring Boot v2.2.0.RELEASE, Spring v5.2.0.RELEASE
2022-09-09 05:30:02.835  INFO 19198 --- [    Test worker] .c.s.i.ReportingStructureServiceImplTest : No active profile set, falling back to default profiles: default
2022-09-09 05:30:03.511  INFO 19198 --- [    Test worker] .s.d.r.c.RepositoryConfigurationDelegate : Bootstrapping Spring Data repositories in DEFAULT mode.
2022-09-09 05:30:03.600  INFO 19198 --- [    Test worker] .s.d.r.c.RepositoryConfigurationDelegate : Finished Spring Data repository scanning in 83ms. Found 2 repository interfaces.
2022-09-09 05:30:04.763  INFO 19198 --- [    Test worker] o.s.b.w.embedded.tomcat.TomcatWebServer  : Tomcat initialized with port(s): 0 (http)
2022-09-09 05:30:04.774  INFO 19198 --- [    Test worker] o.apache.catalina.core.StandardService   : Starting service [Tomcat]
2022-09-09 05:30:04.775  INFO 19198 --- [    Test worker] org.apache.catalina.core.StandardEngine  : Starting Servlet engine: [Apache Tomcat/9.0.27]
2022-09-09 05:30:04.886  INFO 19198 --- [    Test worker] o.a.c.c.C.[Tomcat].[localhost].[/]       : Initializing Spring embedded WebApplicationContext
2022-09-09 05:30:04.886  INFO 19198 --- [    Test worker] o.s.web.context.ContextLoader            : Root WebApplicationContext: initialization completed in 2022 ms
2022-09-09 05:30:05.200  INFO 19198 --- [    Test worker] de.bwaldvogel.mongo.MongoServer          : started MongoServer(port: 49875, ssl: false)
2022-09-09 05:30:05.258  INFO 19198 --- [    Test worker] org.mongodb.driver.cluster               : Cluster created with settings {hosts=[127.0.0.1:49875], mode=SINGLE, requiredClusterType=UNKNOWN, serverSelectionTimeout='30000 ms', maxWaitQueueSize=500}
2022-09-09 05:30:05.337  INFO 19198 --- [-server-worker1] d.b.mongo.wire.MongoWireProtocolHandler  : client [id: 0xeab444f8, L:/127.0.0.1:49875 - R:/127.0.0.1:49876] connected
2022-09-09 05:30:05.480  INFO 19198 --- [127.0.0.1:49875] org.mongodb.driver.connection            : Opened connection [connectionId{localValue:1}] to 127.0.0.1:49875
2022-09-09 05:30:05.496  INFO 19198 --- [127.0.0.1:49875] org.mongodb.driver.cluster               : Monitor thread successfully connected to server with description ServerDescription{address=127.0.0.1:49875, type=STANDALONE, state=CONNECTED, ok=true, version=ServerVersion{versionList=[3, 0, 0]}, minWireVersion=0, maxWireVersion=2, maxDocumentSize=16777216, logicalSessionTimeoutMinutes=null, roundTripTimeNanos=5793250}
2022-09-09 05:30:05.511  WARN 19198 --- [    Test worker] o.s.data.convert.CustomConversions       : Registering converter from class java.time.LocalDateTime to class java.time.Instant as reading converter although it doesn't convert from a store-supported type! You might wanna check you annotation setup at the converter implementation.
2022-09-09 05:30:05.512  WARN 19198 --- [    Test worker] o.s.data.convert.CustomConversions       : Registering converter from class java.time.Instant to class java.time.LocalDateTime as reading converter although it doesn't convert from a store-supported type! You might wanna check you annotation setup at the converter implementation.
2022-09-09 05:30:05.519  WARN 19198 --- [    Test worker] o.s.data.convert.CustomConversions       : Registering converter from class java.time.LocalDateTime to class java.time.Instant as reading converter although it doesn't convert from a store-supported type! You might wanna check you annotation setup at the converter implementation.
2022-09-09 05:30:05.520  WARN 19198 --- [    Test worker] o.s.data.convert.CustomConversions       : Registering converter from class java.time.Instant to class java.time.LocalDateTime as reading converter although it doesn't convert from a store-supported type! You might wanna check you annotation setup at the converter implementation.
2022-09-09 05:30:06.097  INFO 19198 --- [-server-worker2] d.b.mongo.wire.MongoWireProtocolHandler  : client [id: 0xa94dcd82, L:/127.0.0.1:49875 - R:/127.0.0.1:49877] connected
2022-09-09 05:30:06.124  INFO 19198 --- [    Test worker] org.mongodb.driver.connection            : Opened connection [connectionId{localValue:2}] to 127.0.0.1:49875
2022-09-09 05:30:06.150  INFO 19198 --- [-server-worker2] d.b.mongo.backend.AbstractMongoBackend   : created database test
2022-09-09 05:30:06.166  INFO 19198 --- [-server-worker2] d.b.mongo.backend.AbstractMongoDatabase  : adding unique _id index for collection employee
2022-09-09 05:30:06.172  INFO 19198 --- [-server-worker2] d.b.mongo.backend.AbstractMongoDatabase  : created collection test.employee
2022-09-09 05:30:06.676  INFO 19198 --- [    Test worker] o.s.s.concurrent.ThreadPoolTaskExecutor  : Initializing ExecutorService 'applicationTaskExecutor'
2022-09-09 05:30:06.921  WARN 19198 --- [    Test worker] o.s.data.convert.CustomConversions       : Registering converter from class java.time.LocalDateTime to class java.time.Instant as reading converter although it doesn't convert from a store-supported type! You might wanna check you annotation setup at the converter implementation.
2022-09-09 05:30:06.922  WARN 19198 --- [    Test worker] o.s.data.convert.CustomConversions       : Registering converter from class java.time.Instant to class java.time.LocalDateTime as reading converter although it doesn't convert from a store-supported type! You might wanna check you annotation setup at the converter implementation.
2022-09-09 05:30:06.960  WARN 19198 --- [    Test worker] o.s.data.convert.CustomConversions       : Registering converter from class java.time.LocalDateTime to class java.time.Instant as reading converter although it doesn't convert from a store-supported type! You might wanna check you annotation setup at the converter implementation.
2022-09-09 05:30:06.960  WARN 19198 --- [    Test worker] o.s.data.convert.CustomConversions       : Registering converter from class java.time.Instant to class java.time.LocalDateTime as reading converter although it doesn't convert from a store-supported type! You might wanna check you annotation setup at the converter implementation.
2022-09-09 05:30:07.075  INFO 19198 --- [    Test worker] o.s.b.w.embedded.tomcat.TomcatWebServer  : Tomcat started on port(s): 49878 (http) with context path ''
2022-09-09 05:30:07.080  INFO 19198 --- [    Test worker] .c.s.i.ReportingStructureServiceImplTest : Started ReportingStructureServiceImplTest in 5.128 seconds (JVM running for 6.6)
2022-09-09 05:30:07.486  INFO 19198 --- [o-auto-1-exec-1] o.a.c.c.C.[Tomcat].[localhost].[/]       : Initializing Spring DispatcherServlet 'dispatcherServlet'
2022-09-09 05:30:07.487  INFO 19198 --- [o-auto-1-exec-1] o.s.web.servlet.DispatcherServlet        : Initializing Servlet 'dispatcherServlet'
2022-09-09 05:30:07.536  INFO 19198 --- [o-auto-1-exec-1] o.s.web.servlet.DispatcherServlet        : Completed initialization in 49 ms
2022-09-09 05:30:07.572 DEBUG 19198 --- [o-auto-1-exec-1] c.m.c.controller.EmployeeController      : Received employee create request for [com.mindex.challenge.data.Employee@414630c6]
2022-09-09 05:30:07.573 DEBUG 19198 --- [o-auto-1-exec-1] c.m.c.service.impl.EmployeeServiceImpl   : Creating employee [com.mindex.challenge.data.Employee@414630c6]
2022-09-09 05:30:07.694 DEBUG 19198 --- [o-auto-1-exec-2] c.m.c.c.ReportingStructureController     : Received ReportingStructure for employee with id [d228b49f-65d9-4007-9729-9fc61d076b2f]
2022-09-09 05:30:07.696 DEBUG 19198 --- [o-auto-1-exec-2] c.m.c.s.i.ReportingStructureServiceImpl  : Fetching the ReportingStructure for an employee with id [d228b49f-65d9-4007-9729-9fc61d076b2f]
2022-09-09 05:30:07.768 DEBUG 19198 --- [o-auto-1-exec-2] c.m.c.s.i.ReportingStructureServiceImpl  : Fetching the employee with id [d228b49f-65d9-4007-9729-9fc61d076b2f]
]]></system-out>
  <system-err><![CDATA[]]></system-err>
</testsuite>
